<?xml version="1.0" encoding="UTF-8"?>
<coverage generated="1771867410">
  <project timestamp="1771867410" name="Clover Coverage">
    <package name="App\Domain\Action">
      <file name="/Users/mintopia/Projects/planka-mcp/app/Domain/Action/ActionService.php">
        <class name="App\Domain\Action\ActionService" namespace="App\Domain\Action">
          <metrics complexity="3" methods="3" coveredmethods="3" conditionals="0" coveredconditionals="0" statements="3" coveredstatements="3" elements="6" coveredelements="6"/>
        </class>
        <line num="11" type="method" name="__construct" visibility="public" complexity="1" crap="1" count="19"/>
        <line num="13" type="stmt" count="19"/>
        <line num="16" type="method" name="getBoardActions" visibility="public" complexity="1" crap="1" count="3"/>
        <line num="18" type="stmt" count="3"/>
        <line num="22" type="method" name="getCardActions" visibility="public" complexity="1" crap="1" count="3"/>
        <line num="24" type="stmt" count="3"/>
        <metrics loc="27" ncloc="25" classes="1" methods="3" coveredmethods="3" conditionals="0" coveredconditionals="0" statements="3" coveredstatements="3" elements="6" coveredelements="6"/>
      </file>
    </package>
    <file name="/Users/mintopia/Projects/planka-mcp/app/Domain/Action/ActionServiceInterface.php">
      <metrics loc="15" ncloc="13" classes="0" methods="0" coveredmethods="0" conditionals="0" coveredconditionals="0" statements="0" coveredstatements="0" elements="0" coveredelements="0"/>
    </file>
    <package name="App\Domain\Attachment">
      <file name="/Users/mintopia/Projects/planka-mcp/app/Domain/Attachment/AttachmentService.php">
        <class name="App\Domain\Attachment\AttachmentService" namespace="App\Domain\Attachment">
          <metrics complexity="6" methods="4" coveredmethods="4" conditionals="0" coveredconditionals="0" statements="9" coveredstatements="9" elements="13" coveredelements="13"/>
        </class>
        <line num="11" type="method" name="__construct" visibility="public" complexity="1" crap="1" count="25"/>
        <line num="13" type="stmt" count="25"/>
        <line num="16" type="method" name="uploadAttachment" visibility="public" complexity="1" crap="1" count="3"/>
        <line num="18" type="stmt" count="3"/>
        <line num="22" type="method" name="updateAttachment" visibility="public" complexity="3" crap="3" count="6"/>
        <line num="24" type="stmt" count="6"/>
        <line num="25" type="stmt" count="6"/>
        <line num="26" type="stmt" count="4"/>
        <line num="28" type="stmt" count="6"/>
        <line num="29" type="stmt" count="2"/>
        <line num="32" type="stmt" count="6"/>
        <line num="36" type="method" name="deleteAttachment" visibility="public" complexity="1" crap="1" count="3"/>
        <line num="38" type="stmt" count="3"/>
        <metrics loc="41" ncloc="38" classes="1" methods="4" coveredmethods="4" conditionals="0" coveredconditionals="0" statements="9" coveredstatements="9" elements="13" coveredelements="13"/>
      </file>
    </package>
    <file name="/Users/mintopia/Projects/planka-mcp/app/Domain/Attachment/AttachmentServiceInterface.php">
      <metrics loc="18" ncloc="15" classes="0" methods="0" coveredmethods="0" conditionals="0" coveredconditionals="0" statements="0" coveredstatements="0" elements="0" coveredelements="0"/>
    </file>
    <package name="App\Domain\Board">
      <file name="/Users/mintopia/Projects/planka-mcp/app/Domain/Board/BoardService.php">
        <class name="App\Domain\Board\BoardService" namespace="App\Domain\Board">
          <metrics complexity="10" methods="8" coveredmethods="8" conditionals="0" coveredconditionals="0" statements="14" coveredstatements="14" elements="22" coveredelements="22"/>
        </class>
        <line num="11" type="method" name="__construct" visibility="public" complexity="1" crap="1" count="36"/>
        <line num="13" type="stmt" count="36"/>
        <line num="16" type="method" name="getBoard" visibility="public" complexity="1" crap="1" count="3"/>
        <line num="18" type="stmt" count="3"/>
        <line num="22" type="method" name="createBoard" visibility="public" complexity="1" crap="1" count="4"/>
        <line num="24" type="stmt" count="4"/>
        <line num="25" type="stmt" count="4"/>
        <line num="29" type="method" name="updateBoard" visibility="public" complexity="3" crap="3" count="5"/>
        <line num="31" type="stmt" count="5"/>
        <line num="32" type="stmt" count="5"/>
        <line num="33" type="stmt" count="4"/>
        <line num="35" type="stmt" count="5"/>
        <line num="36" type="stmt" count="1"/>
        <line num="38" type="stmt" count="5"/>
        <line num="42" type="method" name="deleteBoard" visibility="public" complexity="1" crap="1" count="3"/>
        <line num="44" type="stmt" count="3"/>
        <line num="48" type="method" name="addBoardMember" visibility="public" complexity="1" crap="1" count="4"/>
        <line num="50" type="stmt" count="4"/>
        <line num="54" type="method" name="updateBoardMembership" visibility="public" complexity="1" crap="1" count="1"/>
        <line num="56" type="stmt" count="1"/>
        <line num="60" type="method" name="removeBoardMember" visibility="public" complexity="1" crap="1" count="3"/>
        <line num="62" type="stmt" count="3"/>
        <metrics loc="65" ncloc="58" classes="1" methods="8" coveredmethods="8" conditionals="0" coveredconditionals="0" statements="14" coveredstatements="14" elements="22" coveredelements="22"/>
      </file>
    </package>
    <file name="/Users/mintopia/Projects/planka-mcp/app/Domain/Board/BoardServiceInterface.php">
      <metrics loc="30" ncloc="23" classes="0" methods="0" coveredmethods="0" conditionals="0" coveredconditionals="0" statements="0" coveredstatements="0" elements="0" coveredelements="0"/>
    </file>
    <package name="App\Domain\BoardList">
      <file name="/Users/mintopia/Projects/planka-mcp/app/Domain/BoardList/ListService.php">
        <class name="App\Domain\BoardList\ListService" namespace="App\Domain\BoardList">
          <metrics complexity="21" methods="10" coveredmethods="10" conditionals="0" coveredconditionals="0" statements="27" coveredstatements="27" elements="37" coveredelements="37"/>
        </class>
        <line num="12" type="method" name="__construct" visibility="public" complexity="1" crap="1" count="40"/>
        <line num="14" type="stmt" count="40"/>
        <line num="17" type="method" name="manageList" visibility="public" complexity="9" crap="9" count="20"/>
        <line num="26" type="stmt" count="20"/>
        <line num="27" type="stmt" count="5"/>
        <line num="28" type="stmt" count="3"/>
        <line num="29" type="stmt" count="2"/>
        <line num="30" type="stmt" count="2"/>
        <line num="31" type="stmt" count="2"/>
        <line num="32" type="stmt" count="3"/>
        <line num="33" type="stmt" count="2"/>
        <line num="34" type="stmt" count="10"/>
        <line num="35" type="stmt" count="20"/>
        <line num="39" type="method" name="getList" visibility="public" complexity="1" crap="1" count="2"/>
        <line num="41" type="stmt" count="2"/>
        <line num="45" type="method" name="sortList" visibility="public" complexity="1" crap="1" count="3"/>
        <line num="47" type="stmt" count="3"/>
        <line num="51" type="method" name="createList" visibility="private" complexity="2" crap="2" count="4"/>
        <line num="53" type="stmt" count="4"/>
        <line num="54" type="stmt" count="4"/>
        <line num="55" type="stmt" count="4"/>
        <line num="57" type="stmt" count="4"/>
        <line num="61" type="method" name="updateList" visibility="private" complexity="3" crap="3" count="2"/>
        <line num="63" type="stmt" count="2"/>
        <line num="64" type="stmt" count="2"/>
        <line num="65" type="stmt" count="2"/>
        <line num="67" type="stmt" count="2"/>
        <line num="68" type="stmt" count="1"/>
        <line num="70" type="stmt" count="2"/>
        <line num="74" type="method" name="deleteList" visibility="private" complexity="1" crap="1" count="1"/>
        <line num="76" type="stmt" count="1"/>
        <line num="80" type="method" name="getListCards" visibility="public" complexity="1" crap="1" count="2"/>
        <line num="82" type="stmt" count="2"/>
        <line num="86" type="method" name="moveListCards" visibility="public" complexity="1" crap="1" count="2"/>
        <line num="88" type="stmt" count="2"/>
        <line num="92" type="method" name="clearList" visibility="public" complexity="1" crap="1" count="2"/>
        <line num="94" type="stmt" count="2"/>
        <metrics loc="97" ncloc="88" classes="1" methods="10" coveredmethods="10" conditionals="0" coveredconditionals="0" statements="27" coveredstatements="27" elements="37" coveredelements="37"/>
      </file>
    </package>
    <file name="/Users/mintopia/Projects/planka-mcp/app/Domain/BoardList/ListServiceInterface.php">
      <metrics loc="35" ncloc="29" classes="0" methods="0" coveredmethods="0" conditionals="0" coveredconditionals="0" statements="0" coveredstatements="0" elements="0" coveredelements="0"/>
    </file>
    <package name="App\Domain\Card">
      <file name="/Users/mintopia/Projects/planka-mcp/app/Domain/Card/CardService.php">
        <class name="App\Domain\Card\CardService" namespace="App\Domain\Card">
          <metrics complexity="20" methods="9" coveredmethods="9" conditionals="0" coveredconditionals="0" statements="29" coveredstatements="29" elements="38" coveredelements="38"/>
        </class>
        <line num="11" type="method" name="__construct" visibility="public" complexity="1" crap="1" count="43"/>
        <line num="13" type="stmt" count="43"/>
        <line num="19" type="method" name="createCard" visibility="public" complexity="6" crap="6" count="5"/>
        <line num="27" type="stmt" count="5"/>
        <line num="28" type="stmt" count="5"/>
        <line num="29" type="stmt" count="5"/>
        <line num="30" type="stmt" count="1"/>
        <line num="33" type="stmt" count="5"/>
        <line num="35" type="stmt" count="3"/>
        <line num="36" type="stmt" count="1"/>
        <line num="37" type="stmt" count="1"/>
        <line num="38" type="stmt" count="1"/>
        <line num="39" type="stmt" count="1"/>
        <line num="44" type="stmt" count="3"/>
        <line num="48" type="method" name="getCard" visibility="public" complexity="1" crap="1" count="3"/>
        <line num="50" type="stmt" count="3"/>
        <line num="60" type="method" name="updateCard" visibility="public" complexity="7" crap="7" count="9"/>
        <line num="68" type="stmt" count="9"/>
        <line num="69" type="stmt" count="9"/>
        <line num="70" type="stmt" count="3"/>
        <line num="72" type="stmt" count="9"/>
        <line num="73" type="stmt" count="2"/>
        <line num="75" type="stmt" count="9"/>
        <line num="76" type="stmt" count="2"/>
        <line num="78" type="stmt" count="9"/>
        <line num="79" type="stmt" count="1"/>
        <line num="82" type="stmt" count="9"/>
        <line num="86" type="method" name="moveCard" visibility="public" complexity="1" crap="1" count="3"/>
        <line num="92" type="stmt" count="3"/>
        <line num="94" type="stmt" count="3"/>
        <line num="98" type="method" name="deleteCard" visibility="public" complexity="1" crap="1" count="3"/>
        <line num="100" type="stmt" count="3"/>
        <line num="104" type="method" name="duplicateCard" visibility="public" complexity="1" crap="1" count="2"/>
        <line num="106" type="stmt" count="2"/>
        <line num="110" type="method" name="addCardMember" visibility="public" complexity="1" crap="1" count="2"/>
        <line num="112" type="stmt" count="2"/>
        <line num="116" type="method" name="removeCardMember" visibility="public" complexity="1" crap="1" count="3"/>
        <line num="118" type="stmt" count="3"/>
        <metrics loc="121" ncloc="104" classes="1" methods="9" coveredmethods="9" conditionals="0" coveredconditionals="0" statements="29" coveredstatements="29" elements="38" coveredelements="38"/>
      </file>
    </package>
    <file name="/Users/mintopia/Projects/planka-mcp/app/Domain/Card/CardServiceInterface.php">
      <metrics loc="55" ncloc="44" classes="0" methods="0" coveredmethods="0" conditionals="0" coveredconditionals="0" statements="0" coveredstatements="0" elements="0" coveredelements="0"/>
    </file>
    <package name="App\Domain\Comment">
      <file name="/Users/mintopia/Projects/planka-mcp/app/Domain/Comment/CommentService.php">
        <class name="App\Domain\Comment\CommentService" namespace="App\Domain\Comment">
          <metrics complexity="5" methods="5" coveredmethods="5" conditionals="0" coveredconditionals="0" statements="5" coveredstatements="5" elements="10" coveredelements="10"/>
        </class>
        <line num="11" type="method" name="__construct" visibility="public" complexity="1" crap="1" count="25"/>
        <line num="13" type="stmt" count="25"/>
        <line num="16" type="method" name="addComment" visibility="public" complexity="1" crap="1" count="3"/>
        <line num="18" type="stmt" count="3"/>
        <line num="22" type="method" name="getComments" visibility="public" complexity="1" crap="1" count="3"/>
        <line num="24" type="stmt" count="3"/>
        <line num="28" type="method" name="updateComment" visibility="public" complexity="1" crap="1" count="3"/>
        <line num="30" type="stmt" count="3"/>
        <line num="34" type="method" name="deleteComment" visibility="public" complexity="1" crap="1" count="3"/>
        <line num="36" type="stmt" count="3"/>
        <metrics loc="39" ncloc="35" classes="1" methods="5" coveredmethods="5" conditionals="0" coveredconditionals="0" statements="5" coveredstatements="5" elements="10" coveredelements="10"/>
      </file>
    </package>
    <file name="/Users/mintopia/Projects/planka-mcp/app/Domain/Comment/CommentServiceInterface.php">
      <metrics loc="21" ncloc="17" classes="0" methods="0" coveredmethods="0" conditionals="0" coveredconditionals="0" statements="0" coveredstatements="0" elements="0" coveredelements="0"/>
    </file>
    <package name="App\Domain\CustomField">
      <file name="/Users/mintopia/Projects/planka-mcp/app/Domain/CustomField/CustomFieldService.php">
        <class name="App\Domain\CustomField\CustomFieldService" namespace="App\Domain\CustomField">
          <metrics complexity="27" methods="13" coveredmethods="13" conditionals="0" coveredconditionals="0" statements="47" coveredstatements="47" elements="60" coveredelements="60"/>
        </class>
        <line num="12" type="method" name="__construct" visibility="public" complexity="1" crap="1" count="43"/>
        <line num="14" type="stmt" count="43"/>
        <line num="17" type="method" name="createBaseGroup" visibility="public" complexity="2" crap="2" count="4"/>
        <line num="19" type="stmt" count="4"/>
        <line num="20" type="stmt" count="4"/>
        <line num="21" type="stmt" count="3"/>
        <line num="24" type="stmt" count="4"/>
        <line num="28" type="method" name="updateBaseGroup" visibility="public" complexity="2" crap="2" count="2"/>
        <line num="30" type="stmt" count="2"/>
        <line num="31" type="stmt" count="2"/>
        <line num="32" type="stmt" count="1"/>
        <line num="35" type="stmt" count="2"/>
        <line num="39" type="method" name="deleteBaseGroup" visibility="public" complexity="1" crap="1" count="2"/>
        <line num="41" type="stmt" count="2"/>
        <line num="45" type="method" name="createGroup" visibility="public" complexity="5" crap="5" count="4"/>
        <line num="47" type="stmt" count="4"/>
        <line num="48" type="stmt" count="2"/>
        <line num="49" type="stmt" count="1"/>
        <line num="50" type="stmt" count="1"/>
        <line num="51" type="stmt" count="4"/>
        <line num="53" type="stmt" count="3"/>
        <line num="54" type="stmt" count="3"/>
        <line num="55" type="stmt" count="2"/>
        <line num="58" type="stmt" count="3"/>
        <line num="62" type="method" name="getGroup" visibility="public" complexity="1" crap="1" count="2"/>
        <line num="64" type="stmt" count="2"/>
        <line num="68" type="method" name="updateGroup" visibility="public" complexity="2" crap="2" count="2"/>
        <line num="70" type="stmt" count="2"/>
        <line num="71" type="stmt" count="2"/>
        <line num="72" type="stmt" count="1"/>
        <line num="75" type="stmt" count="2"/>
        <line num="79" type="method" name="deleteGroup" visibility="public" complexity="1" crap="1" count="1"/>
        <line num="81" type="stmt" count="1"/>
        <line num="85" type="method" name="createField" visibility="public" complexity="6" crap="6" count="4"/>
        <line num="87" type="stmt" count="4"/>
        <line num="88" type="stmt" count="2"/>
        <line num="89" type="stmt" count="1"/>
        <line num="90" type="stmt" count="1"/>
        <line num="91" type="stmt" count="4"/>
        <line num="93" type="stmt" count="3"/>
        <line num="94" type="stmt" count="3"/>
        <line num="95" type="stmt" count="2"/>
        <line num="97" type="stmt" count="3"/>
        <line num="98" type="stmt" count="2"/>
        <line num="101" type="stmt" count="3"/>
        <line num="105" type="method" name="updateField" visibility="public" complexity="3" crap="3" count="2"/>
        <line num="107" type="stmt" count="2"/>
        <line num="108" type="stmt" count="2"/>
        <line num="109" type="stmt" count="1"/>
        <line num="111" type="stmt" count="2"/>
        <line num="112" type="stmt" count="1"/>
        <line num="115" type="stmt" count="2"/>
        <line num="119" type="method" name="deleteField" visibility="public" complexity="1" crap="1" count="2"/>
        <line num="121" type="stmt" count="2"/>
        <line num="125" type="method" name="setFieldValue" visibility="public" complexity="1" crap="1" count="2"/>
        <line num="127" type="stmt" count="2"/>
        <line num="129" type="stmt" count="2"/>
        <line num="133" type="method" name="deleteFieldValue" visibility="public" complexity="1" crap="1" count="3"/>
        <line num="135" type="stmt" count="3"/>
        <line num="137" type="stmt" count="3"/>
        <metrics loc="140" ncloc="128" classes="1" methods="13" coveredmethods="13" conditionals="0" coveredconditionals="0" statements="47" coveredstatements="47" elements="60" coveredelements="60"/>
      </file>
    </package>
    <file name="/Users/mintopia/Projects/planka-mcp/app/Domain/CustomField/CustomFieldServiceInterface.php">
      <metrics loc="45" ncloc="33" classes="0" methods="0" coveredmethods="0" conditionals="0" coveredconditionals="0" statements="0" coveredstatements="0" elements="0" coveredelements="0"/>
    </file>
    <package name="App\Domain\Label">
      <file name="/Users/mintopia/Projects/planka-mcp/app/Domain/Label/LabelService.php">
        <class name="App\Domain\Label\LabelService" namespace="App\Domain\Label">
          <metrics complexity="16" methods="6" coveredmethods="6" conditionals="0" coveredconditionals="0" statements="26" coveredstatements="26" elements="32" coveredelements="32"/>
        </class>
        <line num="12" type="method" name="__construct" visibility="public" complexity="1" crap="1" count="27"/>
        <line num="14" type="stmt" count="27"/>
        <line num="17" type="method" name="manageLabel" visibility="public" complexity="5" crap="5" count="10"/>
        <line num="25" type="stmt" count="10"/>
        <line num="26" type="stmt" count="5"/>
        <line num="27" type="stmt" count="2"/>
        <line num="28" type="stmt" count="2"/>
        <line num="29" type="stmt" count="5"/>
        <line num="30" type="stmt" count="10"/>
        <line num="34" type="method" name="createLabel" visibility="private" complexity="3" crap="3" count="4"/>
        <line num="36" type="stmt" count="4"/>
        <line num="37" type="stmt" count="4"/>
        <line num="38" type="stmt" count="3"/>
        <line num="40" type="stmt" count="4"/>
        <line num="41" type="stmt" count="1"/>
        <line num="43" type="stmt" count="4"/>
        <line num="47" type="method" name="updateLabel" visibility="private" complexity="3" crap="3" count="1"/>
        <line num="49" type="stmt" count="1"/>
        <line num="50" type="stmt" count="1"/>
        <line num="51" type="stmt" count="1"/>
        <line num="53" type="stmt" count="1"/>
        <line num="54" type="stmt" count="1"/>
        <line num="56" type="stmt" count="1"/>
        <line num="60" type="method" name="deleteLabel" visibility="private" complexity="1" crap="1" count="1"/>
        <line num="62" type="stmt" count="1"/>
        <line num="70" type="method" name="setCardLabels" visibility="public" complexity="3" crap="3" count="4"/>
        <line num="76" type="stmt" count="4"/>
        <line num="77" type="stmt" count="4"/>
        <line num="78" type="stmt" count="2"/>
        <line num="80" type="stmt" count="4"/>
        <line num="81" type="stmt" count="2"/>
        <line num="83" type="stmt" count="4"/>
        <metrics loc="86" ncloc="77" classes="1" methods="6" coveredmethods="6" conditionals="0" coveredconditionals="0" statements="26" coveredstatements="26" elements="32" coveredelements="32"/>
      </file>
    </package>
    <file name="/Users/mintopia/Projects/planka-mcp/app/Domain/Label/LabelServiceInterface.php">
      <metrics loc="31" ncloc="25" classes="0" methods="0" coveredmethods="0" conditionals="0" coveredconditionals="0" statements="0" coveredstatements="0" elements="0" coveredelements="0"/>
    </file>
    <package name="App\Domain\Notification">
      <file name="/Users/mintopia/Projects/planka-mcp/app/Domain/Notification/NotificationService.php">
        <class name="App\Domain\Notification\NotificationService" namespace="App\Domain\Notification">
          <metrics complexity="5" methods="5" coveredmethods="5" conditionals="0" coveredconditionals="0" statements="5" coveredstatements="5" elements="10" coveredelements="10"/>
        </class>
        <line num="11" type="method" name="__construct" visibility="public" complexity="1" crap="1" count="26"/>
        <line num="13" type="stmt" count="26"/>
        <line num="16" type="method" name="getNotifications" visibility="public" complexity="1" crap="1" count="3"/>
        <line num="18" type="stmt" count="3"/>
        <line num="22" type="method" name="updateNotification" visibility="public" complexity="1" crap="1" count="4"/>
        <line num="24" type="stmt" count="4"/>
        <line num="28" type="method" name="readAllNotifications" visibility="public" complexity="1" crap="1" count="3"/>
        <line num="30" type="stmt" count="3"/>
        <line num="34" type="method" name="getNotification" visibility="public" complexity="1" crap="1" count="3"/>
        <line num="36" type="stmt" count="3"/>
        <metrics loc="39" ncloc="35" classes="1" methods="5" coveredmethods="5" conditionals="0" coveredconditionals="0" statements="5" coveredstatements="5" elements="10" coveredelements="10"/>
      </file>
    </package>
    <file name="/Users/mintopia/Projects/planka-mcp/app/Domain/Notification/NotificationServiceInterface.php">
      <metrics loc="21" ncloc="17" classes="0" methods="0" coveredmethods="0" conditionals="0" coveredconditionals="0" statements="0" coveredstatements="0" elements="0" coveredelements="0"/>
    </file>
    <package name="App\Domain\NotificationChannel">
      <file name="/Users/mintopia/Projects/planka-mcp/app/Domain/NotificationChannel/NotificationChannelService.php">
        <class name="App\Domain\NotificationChannel\NotificationChannelService" namespace="App\Domain\NotificationChannel">
          <metrics complexity="12" methods="6" coveredmethods="6" conditionals="0" coveredconditionals="0" statements="21" coveredstatements="21" elements="27" coveredelements="27"/>
        </class>
        <line num="11" type="method" name="__construct" visibility="public" complexity="1" crap="1" count="32"/>
        <line num="13" type="stmt" count="32"/>
        <line num="19" type="method" name="createForUser" visibility="public" complexity="3" crap="3" count="4"/>
        <line num="21" type="stmt" count="4"/>
        <line num="22" type="stmt" count="4"/>
        <line num="23" type="stmt" count="3"/>
        <line num="25" type="stmt" count="4"/>
        <line num="26" type="stmt" count="1"/>
        <line num="29" type="stmt" count="4"/>
        <line num="36" type="method" name="createForBoard" visibility="public" complexity="3" crap="3" count="4"/>
        <line num="38" type="stmt" count="4"/>
        <line num="39" type="stmt" count="4"/>
        <line num="40" type="stmt" count="3"/>
        <line num="42" type="stmt" count="4"/>
        <line num="43" type="stmt" count="1"/>
        <line num="46" type="stmt" count="4"/>
        <line num="53" type="method" name="updateChannel" visibility="public" complexity="3" crap="3" count="5"/>
        <line num="55" type="stmt" count="5"/>
        <line num="56" type="stmt" count="5"/>
        <line num="57" type="stmt" count="4"/>
        <line num="59" type="stmt" count="5"/>
        <line num="60" type="stmt" count="1"/>
        <line num="63" type="stmt" count="5"/>
        <line num="67" type="method" name="testChannel" visibility="public" complexity="1" crap="1" count="3"/>
        <line num="69" type="stmt" count="3"/>
        <line num="73" type="method" name="deleteChannel" visibility="public" complexity="1" crap="1" count="3"/>
        <line num="75" type="stmt" count="3"/>
        <metrics loc="78" ncloc="64" classes="1" methods="6" coveredmethods="6" conditionals="0" coveredconditionals="0" statements="21" coveredstatements="21" elements="27" coveredelements="27"/>
      </file>
    </package>
    <file name="/Users/mintopia/Projects/planka-mcp/app/Domain/NotificationChannel/NotificationChannelServiceInterface.php">
      <metrics loc="33" ncloc="19" classes="0" methods="0" coveredmethods="0" conditionals="0" coveredconditionals="0" statements="0" coveredstatements="0" elements="0" coveredelements="0"/>
    </file>
    <package name="App\Domain\Project">
      <file name="/Users/mintopia/Projects/planka-mcp/app/Domain/Project/ProjectService.php">
        <class name="App\Domain\Project\ProjectService" namespace="App\Domain\Project">
          <metrics complexity="10" methods="8" coveredmethods="8" conditionals="0" coveredconditionals="0" statements="13" coveredstatements="13" elements="21" coveredelements="21"/>
        </class>
        <line num="11" type="method" name="__construct" visibility="public" complexity="1" crap="1" count="38"/>
        <line num="13" type="stmt" count="38"/>
        <line num="16" type="method" name="getStructure" visibility="public" complexity="1" crap="1" count="3"/>
        <line num="18" type="stmt" count="3"/>
        <line num="22" type="method" name="createProject" visibility="public" complexity="1" crap="1" count="3"/>
        <line num="24" type="stmt" count="3"/>
        <line num="28" type="method" name="getProject" visibility="public" complexity="1" crap="1" count="3"/>
        <line num="30" type="stmt" count="3"/>
        <line num="34" type="method" name="updateProject" visibility="public" complexity="3" crap="3" count="5"/>
        <line num="36" type="stmt" count="5"/>
        <line num="37" type="stmt" count="5"/>
        <line num="38" type="stmt" count="4"/>
        <line num="40" type="stmt" count="5"/>
        <line num="41" type="stmt" count="1"/>
        <line num="44" type="stmt" count="5"/>
        <line num="48" type="method" name="deleteProject" visibility="public" complexity="1" crap="1" count="3"/>
        <line num="50" type="stmt" count="3"/>
        <line num="54" type="method" name="addProjectManager" visibility="public" complexity="1" crap="1" count="3"/>
        <line num="56" type="stmt" count="3"/>
        <line num="60" type="method" name="removeProjectManager" visibility="public" complexity="1" crap="1" count="3"/>
        <line num="62" type="stmt" count="3"/>
        <metrics loc="65" ncloc="58" classes="1" methods="8" coveredmethods="8" conditionals="0" coveredconditionals="0" statements="13" coveredstatements="13" elements="21" coveredelements="21"/>
      </file>
    </package>
    <file name="/Users/mintopia/Projects/planka-mcp/app/Domain/Project/ProjectServiceInterface.php">
      <metrics loc="30" ncloc="23" classes="0" methods="0" coveredmethods="0" conditionals="0" coveredconditionals="0" statements="0" coveredstatements="0" elements="0" coveredelements="0"/>
    </file>
    <package name="App\Domain\System">
      <file name="/Users/mintopia/Projects/planka-mcp/app/Domain/System/SystemService.php">
        <class name="App\Domain\System\SystemService" namespace="App\Domain\System">
          <metrics complexity="3" methods="3" coveredmethods="3" conditionals="0" coveredconditionals="0" statements="3" coveredstatements="3" elements="6" coveredelements="6"/>
        </class>
        <line num="11" type="method" name="__construct" visibility="public" complexity="1" crap="1" count="6"/>
        <line num="13" type="stmt" count="6"/>
        <line num="16" type="method" name="getConfig" visibility="public" complexity="1" crap="1" count="3"/>
        <line num="18" type="stmt" count="3"/>
        <line num="22" type="method" name="getBootstrap" visibility="public" complexity="1" crap="1" count="3"/>
        <line num="24" type="stmt" count="3"/>
        <metrics loc="27" ncloc="25" classes="1" methods="3" coveredmethods="3" conditionals="0" coveredconditionals="0" statements="3" coveredstatements="3" elements="6" coveredelements="6"/>
      </file>
    </package>
    <file name="/Users/mintopia/Projects/planka-mcp/app/Domain/System/SystemServiceInterface.php">
      <metrics loc="15" ncloc="13" classes="0" methods="0" coveredmethods="0" conditionals="0" coveredconditionals="0" statements="0" coveredstatements="0" elements="0" coveredelements="0"/>
    </file>
    <package name="App\Domain\Task">
      <file name="/Users/mintopia/Projects/planka-mcp/app/Domain/Task/TaskService.php">
        <class name="App\Domain\Task\TaskService" namespace="App\Domain\Task">
          <metrics complexity="11" methods="7" coveredmethods="7" conditionals="0" coveredconditionals="0" statements="33" coveredstatements="33" elements="40" coveredelements="40"/>
        </class>
        <line num="11" type="method" name="__construct" visibility="public" complexity="1" crap="1" count="34"/>
        <line num="13" type="stmt" count="34"/>
        <line num="22" type="method" name="createTasks" visibility="public" complexity="2" crap="2" count="4"/>
        <line num="25" type="stmt" count="4"/>
        <line num="26" type="stmt" count="4"/>
        <line num="27" type="stmt" count="4"/>
        <line num="28" type="stmt" count="4"/>
        <line num="29" type="stmt" count="4"/>
        <line num="31" type="stmt" count="2"/>
        <line num="34" type="stmt" count="2"/>
        <line num="35" type="stmt" count="2"/>
        <line num="36" type="stmt" count="2"/>
        <line num="37" type="stmt" count="2"/>
        <line num="38" type="stmt" count="2"/>
        <line num="39" type="stmt" count="2"/>
        <line num="40" type="stmt" count="2"/>
        <line num="41" type="stmt" count="2"/>
        <line num="42" type="stmt" count="2"/>
        <line num="45" type="stmt" count="2"/>
        <line num="46" type="stmt" count="2"/>
        <line num="47" type="stmt" count="2"/>
        <line num="48" type="stmt" count="2"/>
        <line num="52" type="method" name="updateTask" visibility="public" complexity="3" crap="3" count="6"/>
        <line num="58" type="stmt" count="6"/>
        <line num="59" type="stmt" count="6"/>
        <line num="60" type="stmt" count="4"/>
        <line num="62" type="stmt" count="6"/>
        <line num="63" type="stmt" count="2"/>
        <line num="66" type="stmt" count="6"/>
        <line num="70" type="method" name="deleteTask" visibility="public" complexity="1" crap="1" count="3"/>
        <line num="72" type="stmt" count="3"/>
        <line num="76" type="method" name="updateTaskList" visibility="public" complexity="2" crap="2" count="2"/>
        <line num="78" type="stmt" count="2"/>
        <line num="79" type="stmt" count="2"/>
        <line num="80" type="stmt" count="1"/>
        <line num="82" type="stmt" count="2"/>
        <line num="86" type="method" name="deleteTaskList" visibility="public" complexity="1" crap="1" count="3"/>
        <line num="88" type="stmt" count="3"/>
        <line num="92" type="method" name="getTaskList" visibility="public" complexity="1" crap="1" count="3"/>
        <line num="94" type="stmt" count="3"/>
        <metrics loc="97" ncloc="83" classes="1" methods="7" coveredmethods="7" conditionals="0" coveredconditionals="0" statements="33" coveredstatements="33" elements="40" coveredelements="40"/>
      </file>
    </package>
    <file name="/Users/mintopia/Projects/planka-mcp/app/Domain/Task/TaskServiceInterface.php">
      <metrics loc="35" ncloc="26" classes="0" methods="0" coveredmethods="0" conditionals="0" coveredconditionals="0" statements="0" coveredstatements="0" elements="0" coveredelements="0"/>
    </file>
    <package name="App\Domain\User">
      <file name="/Users/mintopia/Projects/planka-mcp/app/Domain/User/UserService.php">
        <class name="App\Domain\User\UserService" namespace="App\Domain\User">
          <metrics complexity="11" methods="9" coveredmethods="9" conditionals="0" coveredconditionals="0" statements="15" coveredstatements="15" elements="24" coveredelements="24"/>
        </class>
        <line num="11" type="method" name="__construct" visibility="public" complexity="1" crap="1" count="35"/>
        <line num="13" type="stmt" count="35"/>
        <line num="16" type="method" name="getUsers" visibility="public" complexity="1" crap="1" count="3"/>
        <line num="18" type="stmt" count="3"/>
        <line num="22" type="method" name="createUser" visibility="public" complexity="2" crap="2" count="4"/>
        <line num="24" type="stmt" count="4"/>
        <line num="25" type="stmt" count="4"/>
        <line num="26" type="stmt" count="1"/>
        <line num="29" type="stmt" count="4"/>
        <line num="33" type="method" name="getUser" visibility="public" complexity="1" crap="1" count="2"/>
        <line num="35" type="stmt" count="2"/>
        <line num="39" type="method" name="updateUser" visibility="public" complexity="2" crap="2" count="4"/>
        <line num="41" type="stmt" count="4"/>
        <line num="42" type="stmt" count="4"/>
        <line num="43" type="stmt" count="3"/>
        <line num="46" type="stmt" count="4"/>
        <line num="50" type="method" name="deleteUser" visibility="public" complexity="1" crap="1" count="3"/>
        <line num="52" type="stmt" count="3"/>
        <line num="56" type="method" name="updateUserEmail" visibility="public" complexity="1" crap="1" count="2"/>
        <line num="58" type="stmt" count="2"/>
        <line num="62" type="method" name="updateUserPassword" visibility="public" complexity="1" crap="1" count="2"/>
        <line num="64" type="stmt" count="2"/>
        <line num="68" type="method" name="updateUserUsername" visibility="public" complexity="1" crap="1" count="2"/>
        <line num="70" type="stmt" count="2"/>
        <metrics loc="73" ncloc="65" classes="1" methods="9" coveredmethods="9" conditionals="0" coveredconditionals="0" statements="15" coveredstatements="15" elements="24" coveredelements="24"/>
      </file>
    </package>
    <file name="/Users/mintopia/Projects/planka-mcp/app/Domain/User/UserServiceInterface.php">
      <metrics loc="33" ncloc="25" classes="0" methods="0" coveredmethods="0" conditionals="0" coveredconditionals="0" statements="0" coveredstatements="0" elements="0" coveredelements="0"/>
    </file>
    <package name="App\Domain\Webhook">
      <file name="/Users/mintopia/Projects/planka-mcp/app/Domain/Webhook/WebhookService.php">
        <class name="App\Domain\Webhook\WebhookService" namespace="App\Domain\Webhook">
          <metrics complexity="10" methods="5" coveredmethods="5" conditionals="0" coveredconditionals="0" statements="17" coveredstatements="17" elements="22" coveredelements="22"/>
        </class>
        <line num="11" type="method" name="__construct" visibility="public" complexity="1" crap="1" count="27"/>
        <line num="13" type="stmt" count="27"/>
        <line num="16" type="method" name="getWebhooks" visibility="public" complexity="1" crap="1" count="3"/>
        <line num="18" type="stmt" count="3"/>
        <line num="22" type="method" name="createWebhook" visibility="public" complexity="3" crap="3" count="4"/>
        <line num="24" type="stmt" count="4"/>
        <line num="25" type="stmt" count="4"/>
        <line num="26" type="stmt" count="1"/>
        <line num="28" type="stmt" count="4"/>
        <line num="29" type="stmt" count="1"/>
        <line num="32" type="stmt" count="4"/>
        <line num="36" type="method" name="updateWebhook" visibility="public" complexity="4" crap="4" count="4"/>
        <line num="38" type="stmt" count="4"/>
        <line num="39" type="stmt" count="4"/>
        <line num="40" type="stmt" count="3"/>
        <line num="42" type="stmt" count="4"/>
        <line num="43" type="stmt" count="1"/>
        <line num="45" type="stmt" count="4"/>
        <line num="46" type="stmt" count="1"/>
        <line num="49" type="stmt" count="4"/>
        <line num="53" type="method" name="deleteWebhook" visibility="public" complexity="1" crap="1" count="3"/>
        <line num="55" type="stmt" count="3"/>
        <metrics loc="58" ncloc="54" classes="1" methods="5" coveredmethods="5" conditionals="0" coveredconditionals="0" statements="17" coveredstatements="17" elements="22" coveredelements="22"/>
      </file>
    </package>
    <file name="/Users/mintopia/Projects/planka-mcp/app/Domain/Webhook/WebhookServiceInterface.php">
      <metrics loc="21" ncloc="17" classes="0" methods="0" coveredmethods="0" conditionals="0" coveredconditionals="0" statements="0" coveredstatements="0" elements="0" coveredelements="0"/>
    </file>
    <package name="App\Exception">
      <file name="/Users/mintopia/Projects/planka-mcp/app/Exception/ValidationException.php">
        <class name="App\Exception\ValidationException" namespace="App\Exception">
          <metrics complexity="0" methods="0" coveredmethods="0" conditionals="0" coveredconditionals="0" statements="0" coveredstatements="0" elements="0" coveredelements="0"/>
        </class>
        <metrics loc="8" ncloc="8" classes="0" methods="0" coveredmethods="0" conditionals="0" coveredconditionals="0" statements="0" coveredstatements="0" elements="0" coveredelements="0"/>
      </file>
    </package>
    <package name="App\Http">
      <file name="/Users/mintopia/Projects/planka-mcp/app/Http/ApiKeyProvider.php">
        <class name="App\Http\ApiKeyProvider" namespace="App\Http">
          <metrics complexity="7" methods="2" coveredmethods="2" conditionals="0" coveredconditionals="0" statements="12" coveredstatements="12" elements="14" coveredelements="14"/>
        </class>
        <line num="12" type="method" name="__construct" visibility="public" complexity="1" crap="1" count="25"/>
        <line num="14" type="method" name="getApiKey" visibility="public" complexity="6" crap="6" count="12"/>
        <line num="17" type="stmt" count="12"/>
        <line num="18" type="stmt" count="12"/>
        <line num="19" type="stmt" count="8"/>
        <line num="20" type="stmt" count="8"/>
        <line num="21" type="stmt" count="6"/>
        <line num="26" type="stmt" count="6"/>
        <line num="27" type="stmt" count="6"/>
        <line num="28" type="stmt" count="2"/>
        <line num="31" type="stmt" count="4"/>
        <line num="32" type="stmt" count="4"/>
        <line num="33" type="stmt" count="4"/>
        <metrics loc="36" ncloc="34" classes="1" methods="2" coveredmethods="2" conditionals="0" coveredconditionals="0" statements="12" coveredstatements="12" elements="14" coveredelements="14"/>
      </file>
    </package>
    <file name="/Users/mintopia/Projects/planka-mcp/app/Http/ApiKeyProviderInterface.php">
      <metrics loc="11" ncloc="11" classes="0" methods="0" coveredmethods="0" conditionals="0" coveredconditionals="0" statements="0" coveredstatements="0" elements="0" coveredelements="0"/>
    </file>
    <package name="App\Http\Controllers">
      <file name="/Users/mintopia/Projects/planka-mcp/app/Http/Controllers/Controller.php">
        <class name="App\Http\Controllers\Controller" namespace="App\Http\Controllers">
          <metrics complexity="0" methods="0" coveredmethods="0" conditionals="0" coveredconditionals="0" statements="0" coveredstatements="0" elements="0" coveredelements="0"/>
        </class>
        <metrics loc="9" ncloc="8" classes="0" methods="0" coveredmethods="0" conditionals="0" coveredconditionals="0" statements="0" coveredstatements="0" elements="0" coveredelements="0"/>
      </file>
      <file name="/Users/mintopia/Projects/planka-mcp/app/Http/Controllers/HomeController.php">
        <class name="App\Http\Controllers\HomeController" namespace="App\Http\Controllers">
          <metrics complexity="26" methods="5" coveredmethods="5" conditionals="0" coveredconditionals="0" statements="98" coveredstatements="98" elements="103" coveredelements="103"/>
        </class>
        <line num="123" type="method" name="__invoke" visibility="public" complexity="2" crap="2" count="13"/>
        <line num="125" type="stmt" count="13"/>
        <line num="126" type="stmt" count="13"/>
        <line num="127" type="stmt" count="13"/>
        <line num="128" type="stmt" count="13"/>
        <line num="130" type="stmt" count="13"/>
        <line num="131" type="stmt" count="12"/>
        <line num="132" type="stmt" count="1"/>
        <line num="134" type="stmt" count="13"/>
        <line num="135" type="stmt" count="13"/>
        <line num="136" type="stmt" count="13"/>
        <line num="137" type="stmt" count="13"/>
        <line num="138" type="stmt" count="13"/>
        <line num="139" type="stmt" count="13"/>
        <line num="140" type="stmt" count="13"/>
        <line num="141" type="stmt" count="13"/>
        <line num="147" type="method" name="getToolMetadata" visibility="private" complexity="4" crap="4" count="13"/>
        <line num="149" type="stmt" count="13"/>
        <line num="150" type="stmt" count="13"/>
        <line num="152" type="stmt" count="13"/>
        <line num="154" type="stmt" count="13"/>
        <line num="156" type="stmt" count="13"/>
        <line num="157" type="stmt" count="13"/>
        <line num="159" type="stmt" count="13"/>
        <line num="160" type="stmt" count="13"/>
        <line num="162" type="stmt" count="13"/>
        <line num="163" type="stmt" count="13"/>
        <line num="165" type="stmt" count="13"/>
        <line num="167" type="stmt" count="13"/>
        <line num="168" type="stmt" count="13"/>
        <line num="169" type="stmt" count="13"/>
        <line num="170" type="stmt" count="13"/>
        <line num="171" type="stmt" count="13"/>
        <line num="172" type="stmt" count="13"/>
        <line num="175" type="stmt" count="13"/>
        <line num="181" type="method" name="getResourceMetadata" visibility="private" complexity="6" crap="6" count="13"/>
        <line num="183" type="stmt" count="13"/>
        <line num="184" type="stmt" count="13"/>
        <line num="186" type="stmt" count="13"/>
        <line num="188" type="stmt" count="13"/>
        <line num="190" type="stmt" count="13"/>
        <line num="191" type="stmt" count="13"/>
        <line num="193" type="stmt" count="13"/>
        <line num="194" type="stmt" count="13"/>
        <line num="196" type="stmt" count="13"/>
        <line num="197" type="stmt" count="13"/>
        <line num="199" type="stmt" count="13"/>
        <line num="201" type="stmt" count="13"/>
        <line num="203" type="stmt" count="13"/>
        <line num="204" type="stmt" count="13"/>
        <line num="206" type="stmt" count="13"/>
        <line num="207" type="stmt" count="13"/>
        <line num="210" type="stmt" count="13"/>
        <line num="211" type="stmt" count="13"/>
        <line num="212" type="stmt" count="13"/>
        <line num="213" type="stmt" count="13"/>
        <line num="214" type="stmt" count="13"/>
        <line num="215" type="stmt" count="13"/>
        <line num="218" type="stmt" count="13"/>
        <line num="226" type="method" name="buildSections" visibility="private" complexity="10" crap="10" count="13"/>
        <line num="229" type="stmt" count="13"/>
        <line num="230" type="stmt" count="13"/>
        <line num="231" type="stmt" count="13"/>
        <line num="234" type="stmt" count="13"/>
        <line num="235" type="stmt" count="13"/>
        <line num="236" type="stmt" count="13"/>
        <line num="239" type="stmt" count="13"/>
        <line num="241" type="stmt" count="13"/>
        <line num="242" type="stmt" count="13"/>
        <line num="243" type="stmt" count="13"/>
        <line num="244" type="stmt" count="13"/>
        <line num="245" type="stmt" count="13"/>
        <line num="249" type="stmt" count="13"/>
        <line num="250" type="stmt" count="13"/>
        <line num="251" type="stmt" count="13"/>
        <line num="252" type="stmt" count="13"/>
        <line num="256" type="stmt" count="13"/>
        <line num="257" type="stmt" count="13"/>
        <line num="258" type="stmt" count="13"/>
        <line num="259" type="stmt" count="13"/>
        <line num="260" type="stmt" count="13"/>
        <line num="261" type="stmt" count="13"/>
        <line num="265" type="stmt" count="13"/>
        <line num="272" type="method" name="extractParameters" visibility="private" complexity="4" crap="4" count="13"/>
        <line num="275" type="stmt" count="13"/>
        <line num="276" type="stmt" count="13"/>
        <line num="279" type="stmt" count="13"/>
        <line num="280" type="stmt" count="13"/>
        <line num="282" type="stmt" count="13"/>
        <line num="284" type="stmt" count="13"/>
        <line num="285" type="stmt" count="13"/>
        <line num="288" type="stmt" count="13"/>
        <line num="291" type="stmt" count="13"/>
        <line num="292" type="stmt" count="13"/>
        <line num="293" type="stmt" count="13"/>
        <line num="294" type="stmt" count="13"/>
        <line num="295" type="stmt" count="13"/>
        <line num="296" type="stmt" count="13"/>
        <line num="297" type="stmt" count="13"/>
        <line num="299" type="stmt" count="13"/>
        <line num="300" type="stmt" count="13"/>
        <line num="303" type="stmt" count="13"/>
        <line num="306" type="stmt" count="13"/>
        <metrics loc="309" ncloc="282" classes="1" methods="5" coveredmethods="5" conditionals="0" coveredconditionals="0" statements="98" coveredstatements="98" elements="103" coveredelements="103"/>
      </file>
      <file name="/Users/mintopia/Projects/planka-mcp/app/Http/Controllers/PlankaWebhookController.php">
        <class name="App\Http\Controllers\PlankaWebhookController" namespace="App\Http\Controllers">
          <metrics complexity="7" methods="1" coveredmethods="1" conditionals="0" coveredconditionals="0" statements="18" coveredstatements="18" elements="19" coveredelements="19"/>
        </class>
        <line num="14" type="method" name="__invoke" visibility="public" complexity="7" crap="7" count="8"/>
        <line num="16" type="stmt" count="8"/>
        <line num="17" type="stmt" count="1"/>
        <line num="20" type="stmt" count="7"/>
        <line num="22" type="stmt" count="7"/>
        <line num="23" type="stmt" count="3"/>
        <line num="25" type="stmt" count="3"/>
        <line num="26" type="stmt" count="1"/>
        <line num="29" type="stmt" count="2"/>
        <line num="31" type="stmt" count="2"/>
        <line num="32" type="stmt" count="1"/>
        <line num="33" type="stmt" count="1"/>
        <line num="34" type="stmt" count="1"/>
        <line num="35" type="stmt" count="1"/>
        <line num="40" type="stmt" count="5"/>
        <line num="42" type="stmt" count="5"/>
        <line num="43" type="stmt" count="1"/>
        <line num="46" type="stmt" count="4"/>
        <line num="48" type="stmt" count="4"/>
        <metrics loc="51" ncloc="50" classes="1" methods="1" coveredmethods="1" conditionals="0" coveredconditionals="0" statements="18" coveredstatements="18" elements="19" coveredelements="19"/>
      </file>
      <file name="/Users/mintopia/Projects/planka-mcp/app/Http/Controllers/TestController.php">
        <class name="App\Http\Controllers\TestController" namespace="App\Http\Controllers">
          <metrics complexity="13" methods="4" coveredmethods="4" conditionals="0" coveredconditionals="0" statements="36" coveredstatements="36" elements="40" coveredelements="40"/>
        </class>
        <line num="16" type="method" name="callTool" visibility="public" complexity="3" crap="3" count="6"/>
        <line num="18" type="stmt" count="6"/>
        <line num="19" type="stmt" count="6"/>
        <line num="21" type="stmt" count="6"/>
        <line num="22" type="stmt" count="6"/>
        <line num="23" type="stmt" count="1"/>
        <line num="28" type="stmt" count="5"/>
        <line num="30" type="stmt" count="4"/>
        <line num="31" type="stmt" count="4"/>
        <line num="32" type="stmt" count="1"/>
        <line num="33" type="stmt" count="1"/>
        <line num="37" type="method" name="readResource" visibility="public" complexity="3" crap="3" count="5"/>
        <line num="39" type="stmt" count="5"/>
        <line num="40" type="stmt" count="5"/>
        <line num="42" type="stmt" count="5"/>
        <line num="43" type="stmt" count="5"/>
        <line num="44" type="stmt" count="1"/>
        <line num="49" type="stmt" count="4"/>
        <line num="51" type="stmt" count="3"/>
        <line num="52" type="stmt" count="3"/>
        <line num="53" type="stmt" count="1"/>
        <line num="54" type="stmt" count="1"/>
        <line num="58" type="method" name="findByName" visibility="private" complexity="4" crap="4" count="11"/>
        <line num="60" type="stmt" count="11"/>
        <line num="61" type="stmt" count="11"/>
        <line num="63" type="stmt" count="11"/>
        <line num="65" type="stmt" count="11"/>
        <line num="66" type="stmt" count="11"/>
        <line num="67" type="stmt" count="11"/>
        <line num="68" type="stmt" count="11"/>
        <line num="69" type="stmt" count="9"/>
        <line num="73" type="stmt" count="2"/>
        <line num="76" type="method" name="toJson" visibility="private" complexity="3" crap="3" count="7"/>
        <line num="78" type="stmt" count="7"/>
        <line num="80" type="stmt" count="7"/>
        <line num="81" type="stmt" count="3"/>
        <line num="85" type="stmt" count="4"/>
        <line num="86" type="stmt" count="3"/>
        <line num="87" type="stmt" count="1"/>
        <line num="88" type="stmt" count="1"/>
        <metrics loc="92" ncloc="87" classes="1" methods="4" coveredmethods="4" conditionals="0" coveredconditionals="0" statements="36" coveredstatements="36" elements="40" coveredelements="40"/>
      </file>
    </package>
    <package name="App\Http\Middleware">
      <file name="/Users/mintopia/Projects/planka-mcp/app/Http/Middleware/SecurityHeaders.php">
        <class name="App\Http\Middleware\SecurityHeaders" namespace="App\Http\Middleware">
          <metrics complexity="1" methods="1" coveredmethods="1" conditionals="0" coveredconditionals="0" statements="5" coveredstatements="5" elements="6" coveredelements="6"/>
        </class>
        <line num="13" type="method" name="handle" visibility="public" complexity="1" crap="1" count="24"/>
        <line num="15" type="stmt" count="24"/>
        <line num="17" type="stmt" count="24"/>
        <line num="18" type="stmt" count="24"/>
        <line num="19" type="stmt" count="24"/>
        <line num="21" type="stmt" count="24"/>
        <metrics loc="24" ncloc="24" classes="1" methods="1" coveredmethods="1" conditionals="0" coveredconditionals="0" statements="5" coveredstatements="5" elements="6" coveredelements="6"/>
      </file>
    </package>
    <package name="App\Jobs">
      <file name="/Users/mintopia/Projects/planka-mcp/app/Jobs/ProcessPlankaWebhookJob.php">
        <class name="App\Jobs\ProcessPlankaWebhookJob" namespace="App\Jobs">
          <metrics complexity="4" methods="2" coveredmethods="2" conditionals="0" coveredconditionals="0" statements="19" coveredstatements="19" elements="21" coveredelements="21"/>
        </class>
        <line num="30" type="method" name="__construct" visibility="public" complexity="1" crap="1" count="10"/>
        <line num="32" type="stmt" count="10"/>
        <line num="34" type="method" name="handle" visibility="public" complexity="3" crap="3" count="5"/>
        <line num="36" type="stmt" count="5"/>
        <line num="37" type="stmt" count="5"/>
        <line num="39" type="stmt" count="5"/>
        <line num="40" type="stmt" count="1"/>
        <line num="43" type="stmt" count="5"/>
        <line num="45" type="stmt" count="5"/>
        <line num="46" type="stmt" count="2"/>
        <line num="47" type="stmt" count="2"/>
        <line num="50" type="stmt" count="3"/>
        <line num="51" type="stmt" count="3"/>
        <line num="52" type="stmt" count="3"/>
        <line num="53" type="stmt" count="3"/>
        <line num="54" type="stmt" count="3"/>
        <line num="56" type="stmt" count="3"/>
        <line num="58" type="stmt" count="3"/>
        <line num="59" type="stmt" count="3"/>
        <line num="60" type="stmt" count="3"/>
        <line num="61" type="stmt" count="3"/>
        <metrics loc="64" ncloc="61" classes="1" methods="2" coveredmethods="2" conditionals="0" coveredconditionals="0" statements="19" coveredstatements="19" elements="21" coveredelements="21"/>
      </file>
    </package>
    <package name="App\Mcp\Resources">
      <file name="/Users/mintopia/Projects/planka-mcp/app/Mcp/Resources/BoardActionsResource.php">
        <class name="App\Mcp\Resources\BoardActionsResource" namespace="App\Mcp\Resources">
          <metrics complexity="4" methods="3" coveredmethods="3" conditionals="0" coveredconditionals="0" statements="7" coveredstatements="7" elements="10" coveredelements="10"/>
        </class>
        <line num="23" type="method" name="__construct" visibility="public" complexity="1" crap="1" count="18"/>
        <line num="26" type="stmt" count="18"/>
        <line num="28" type="method" name="uriTemplate" visibility="public" complexity="1" crap="1" count="14"/>
        <line num="30" type="stmt" count="14"/>
        <line num="33" type="method" name="handle" visibility="public" complexity="2" crap="2" count="4"/>
        <line num="36" type="stmt" count="4"/>
        <line num="37" type="stmt" count="3"/>
        <line num="38" type="stmt" count="3"/>
        <line num="39" type="stmt" count="3"/>
        <line num="40" type="stmt" count="3"/>
        <metrics loc="44" ncloc="44" classes="1" methods="3" coveredmethods="3" conditionals="0" coveredconditionals="0" statements="7" coveredstatements="7" elements="10" coveredelements="10"/>
      </file>
      <file name="/Users/mintopia/Projects/planka-mcp/app/Mcp/Resources/BoardResource.php">
        <class name="App\Mcp\Resources\BoardResource" namespace="App\Mcp\Resources">
          <metrics complexity="4" methods="3" coveredmethods="3" conditionals="0" coveredconditionals="0" statements="7" coveredstatements="7" elements="10" coveredelements="10"/>
        </class>
        <line num="23" type="method" name="__construct" visibility="public" complexity="1" crap="1" count="19"/>
        <line num="26" type="stmt" count="19"/>
        <line num="28" type="method" name="uriTemplate" visibility="public" complexity="1" crap="1" count="14"/>
        <line num="30" type="stmt" count="14"/>
        <line num="33" type="method" name="handle" visibility="public" complexity="2" crap="2" count="5"/>
        <line num="36" type="stmt" count="5"/>
        <line num="37" type="stmt" count="4"/>
        <line num="38" type="stmt" count="4"/>
        <line num="39" type="stmt" count="3"/>
        <line num="40" type="stmt" count="3"/>
        <metrics loc="44" ncloc="44" classes="1" methods="3" coveredmethods="3" conditionals="0" coveredconditionals="0" statements="7" coveredstatements="7" elements="10" coveredelements="10"/>
      </file>
      <file name="/Users/mintopia/Projects/planka-mcp/app/Mcp/Resources/BootstrapResource.php">
        <class name="App\Mcp\Resources\BootstrapResource" namespace="App\Mcp\Resources">
          <metrics complexity="3" methods="2" coveredmethods="2" conditionals="0" coveredconditionals="0" statements="5" coveredstatements="5" elements="7" coveredelements="7"/>
        </class>
        <line num="23" type="method" name="__construct" visibility="public" complexity="1" crap="1" count="4"/>
        <line num="26" type="stmt" count="4"/>
        <line num="28" type="method" name="handle" visibility="public" complexity="2" crap="2" count="4"/>
        <line num="31" type="stmt" count="4"/>
        <line num="32" type="stmt" count="3"/>
        <line num="33" type="stmt" count="3"/>
        <line num="34" type="stmt" count="3"/>
        <metrics loc="38" ncloc="38" classes="1" methods="2" coveredmethods="2" conditionals="0" coveredconditionals="0" statements="5" coveredstatements="5" elements="7" coveredelements="7"/>
      </file>
      <file name="/Users/mintopia/Projects/planka-mcp/app/Mcp/Resources/CardActionsResource.php">
        <class name="App\Mcp\Resources\CardActionsResource" namespace="App\Mcp\Resources">
          <metrics complexity="4" methods="3" coveredmethods="3" conditionals="0" coveredconditionals="0" statements="7" coveredstatements="7" elements="10" coveredelements="10"/>
        </class>
        <line num="23" type="method" name="__construct" visibility="public" complexity="1" crap="1" count="18"/>
        <line num="26" type="stmt" count="18"/>
        <line num="28" type="method" name="uriTemplate" visibility="public" complexity="1" crap="1" count="14"/>
        <line num="30" type="stmt" count="14"/>
        <line num="33" type="method" name="handle" visibility="public" complexity="2" crap="2" count="4"/>
        <line num="36" type="stmt" count="4"/>
        <line num="37" type="stmt" count="3"/>
        <line num="38" type="stmt" count="3"/>
        <line num="39" type="stmt" count="3"/>
        <line num="40" type="stmt" count="3"/>
        <metrics loc="44" ncloc="44" classes="1" methods="3" coveredmethods="3" conditionals="0" coveredconditionals="0" statements="7" coveredstatements="7" elements="10" coveredelements="10"/>
      </file>
      <file name="/Users/mintopia/Projects/planka-mcp/app/Mcp/Resources/CardCommentsResource.php">
        <class name="App\Mcp\Resources\CardCommentsResource" namespace="App\Mcp\Resources">
          <metrics complexity="4" methods="3" coveredmethods="3" conditionals="0" coveredconditionals="0" statements="7" coveredstatements="7" elements="10" coveredelements="10"/>
        </class>
        <line num="23" type="method" name="__construct" visibility="public" complexity="1" crap="1" count="18"/>
        <line num="26" type="stmt" count="18"/>
        <line num="28" type="method" name="uriTemplate" visibility="public" complexity="1" crap="1" count="14"/>
        <line num="30" type="stmt" count="14"/>
        <line num="33" type="method" name="handle" visibility="public" complexity="2" crap="2" count="4"/>
        <line num="36" type="stmt" count="4"/>
        <line num="37" type="stmt" count="3"/>
        <line num="38" type="stmt" count="3"/>
        <line num="39" type="stmt" count="3"/>
        <line num="40" type="stmt" count="3"/>
        <metrics loc="44" ncloc="44" classes="1" methods="3" coveredmethods="3" conditionals="0" coveredconditionals="0" statements="7" coveredstatements="7" elements="10" coveredelements="10"/>
      </file>
      <file name="/Users/mintopia/Projects/planka-mcp/app/Mcp/Resources/CardResource.php">
        <class name="App\Mcp\Resources\CardResource" namespace="App\Mcp\Resources">
          <metrics complexity="4" methods="3" coveredmethods="3" conditionals="0" coveredconditionals="0" statements="7" coveredstatements="7" elements="10" coveredelements="10"/>
        </class>
        <line num="23" type="method" name="__construct" visibility="public" complexity="1" crap="1" count="18"/>
        <line num="26" type="stmt" count="18"/>
        <line num="28" type="method" name="uriTemplate" visibility="public" complexity="1" crap="1" count="14"/>
        <line num="30" type="stmt" count="14"/>
        <line num="33" type="method" name="handle" visibility="public" complexity="2" crap="2" count="4"/>
        <line num="36" type="stmt" count="4"/>
        <line num="37" type="stmt" count="3"/>
        <line num="38" type="stmt" count="3"/>
        <line num="39" type="stmt" count="3"/>
        <line num="40" type="stmt" count="3"/>
        <metrics loc="44" ncloc="44" classes="1" methods="3" coveredmethods="3" conditionals="0" coveredconditionals="0" statements="7" coveredstatements="7" elements="10" coveredelements="10"/>
      </file>
      <file name="/Users/mintopia/Projects/planka-mcp/app/Mcp/Resources/ConfigResource.php">
        <class name="App\Mcp\Resources\ConfigResource" namespace="App\Mcp\Resources">
          <metrics complexity="3" methods="2" coveredmethods="2" conditionals="0" coveredconditionals="0" statements="5" coveredstatements="5" elements="7" coveredelements="7"/>
        </class>
        <line num="23" type="method" name="__construct" visibility="public" complexity="1" crap="1" count="4"/>
        <line num="26" type="stmt" count="4"/>
        <line num="28" type="method" name="handle" visibility="public" complexity="2" crap="2" count="4"/>
        <line num="31" type="stmt" count="4"/>
        <line num="32" type="stmt" count="3"/>
        <line num="33" type="stmt" count="3"/>
        <line num="34" type="stmt" count="3"/>
        <metrics loc="38" ncloc="38" classes="1" methods="2" coveredmethods="2" conditionals="0" coveredconditionals="0" statements="5" coveredstatements="5" elements="7" coveredelements="7"/>
      </file>
      <file name="/Users/mintopia/Projects/planka-mcp/app/Mcp/Resources/CustomFieldGroupResource.php">
        <class name="App\Mcp\Resources\CustomFieldGroupResource" namespace="App\Mcp\Resources">
          <metrics complexity="4" methods="3" coveredmethods="3" conditionals="0" coveredconditionals="0" statements="7" coveredstatements="7" elements="10" coveredelements="10"/>
        </class>
        <line num="23" type="method" name="__construct" visibility="public" complexity="1" crap="1" count="18"/>
        <line num="26" type="stmt" count="18"/>
        <line num="28" type="method" name="uriTemplate" visibility="public" complexity="1" crap="1" count="14"/>
        <line num="30" type="stmt" count="14"/>
        <line num="33" type="method" name="handle" visibility="public" complexity="2" crap="2" count="4"/>
        <line num="36" type="stmt" count="4"/>
        <line num="37" type="stmt" count="3"/>
        <line num="38" type="stmt" count="3"/>
        <line num="39" type="stmt" count="3"/>
        <line num="40" type="stmt" count="3"/>
        <metrics loc="44" ncloc="44" classes="1" methods="3" coveredmethods="3" conditionals="0" coveredconditionals="0" statements="7" coveredstatements="7" elements="10" coveredelements="10"/>
      </file>
      <file name="/Users/mintopia/Projects/planka-mcp/app/Mcp/Resources/ListCardsResource.php">
        <class name="App\Mcp\Resources\ListCardsResource" namespace="App\Mcp\Resources">
          <metrics complexity="4" methods="3" coveredmethods="3" conditionals="0" coveredconditionals="0" statements="7" coveredstatements="7" elements="10" coveredelements="10"/>
        </class>
        <line num="23" type="method" name="__construct" visibility="public" complexity="1" crap="1" count="18"/>
        <line num="26" type="stmt" count="18"/>
        <line num="28" type="method" name="uriTemplate" visibility="public" complexity="1" crap="1" count="14"/>
        <line num="30" type="stmt" count="14"/>
        <line num="33" type="method" name="handle" visibility="public" complexity="2" crap="2" count="4"/>
        <line num="36" type="stmt" count="4"/>
        <line num="37" type="stmt" count="3"/>
        <line num="38" type="stmt" count="3"/>
        <line num="39" type="stmt" count="3"/>
        <line num="40" type="stmt" count="3"/>
        <metrics loc="44" ncloc="44" classes="1" methods="3" coveredmethods="3" conditionals="0" coveredconditionals="0" statements="7" coveredstatements="7" elements="10" coveredelements="10"/>
      </file>
      <file name="/Users/mintopia/Projects/planka-mcp/app/Mcp/Resources/ListResource.php">
        <class name="App\Mcp\Resources\ListResource" namespace="App\Mcp\Resources">
          <metrics complexity="4" methods="3" coveredmethods="3" conditionals="0" coveredconditionals="0" statements="7" coveredstatements="7" elements="10" coveredelements="10"/>
        </class>
        <line num="23" type="method" name="__construct" visibility="public" complexity="1" crap="1" count="18"/>
        <line num="26" type="stmt" count="18"/>
        <line num="28" type="method" name="uriTemplate" visibility="public" complexity="1" crap="1" count="14"/>
        <line num="30" type="stmt" count="14"/>
        <line num="33" type="method" name="handle" visibility="public" complexity="2" crap="2" count="4"/>
        <line num="36" type="stmt" count="4"/>
        <line num="37" type="stmt" count="3"/>
        <line num="38" type="stmt" count="3"/>
        <line num="39" type="stmt" count="3"/>
        <line num="40" type="stmt" count="3"/>
        <metrics loc="44" ncloc="44" classes="1" methods="3" coveredmethods="3" conditionals="0" coveredconditionals="0" statements="7" coveredstatements="7" elements="10" coveredelements="10"/>
      </file>
      <file name="/Users/mintopia/Projects/planka-mcp/app/Mcp/Resources/NotificationResource.php">
        <class name="App\Mcp\Resources\NotificationResource" namespace="App\Mcp\Resources">
          <metrics complexity="4" methods="3" coveredmethods="3" conditionals="0" coveredconditionals="0" statements="7" coveredstatements="7" elements="10" coveredelements="10"/>
        </class>
        <line num="23" type="method" name="__construct" visibility="public" complexity="1" crap="1" count="18"/>
        <line num="26" type="stmt" count="18"/>
        <line num="28" type="method" name="uriTemplate" visibility="public" complexity="1" crap="1" count="14"/>
        <line num="30" type="stmt" count="14"/>
        <line num="33" type="method" name="handle" visibility="public" complexity="2" crap="2" count="4"/>
        <line num="36" type="stmt" count="4"/>
        <line num="37" type="stmt" count="3"/>
        <line num="38" type="stmt" count="3"/>
        <line num="39" type="stmt" count="3"/>
        <line num="40" type="stmt" count="3"/>
        <metrics loc="44" ncloc="44" classes="1" methods="3" coveredmethods="3" conditionals="0" coveredconditionals="0" statements="7" coveredstatements="7" elements="10" coveredelements="10"/>
      </file>
      <file name="/Users/mintopia/Projects/planka-mcp/app/Mcp/Resources/NotificationsResource.php">
        <class name="App\Mcp\Resources\NotificationsResource" namespace="App\Mcp\Resources">
          <metrics complexity="3" methods="2" coveredmethods="2" conditionals="0" coveredconditionals="0" statements="5" coveredstatements="5" elements="7" coveredelements="7"/>
        </class>
        <line num="23" type="method" name="__construct" visibility="public" complexity="1" crap="1" count="4"/>
        <line num="26" type="stmt" count="4"/>
        <line num="28" type="method" name="handle" visibility="public" complexity="2" crap="2" count="4"/>
        <line num="31" type="stmt" count="4"/>
        <line num="32" type="stmt" count="3"/>
        <line num="33" type="stmt" count="3"/>
        <line num="34" type="stmt" count="3"/>
        <metrics loc="38" ncloc="38" classes="1" methods="2" coveredmethods="2" conditionals="0" coveredconditionals="0" statements="5" coveredstatements="5" elements="7" coveredelements="7"/>
      </file>
      <file name="/Users/mintopia/Projects/planka-mcp/app/Mcp/Resources/ProjectResource.php">
        <class name="App\Mcp\Resources\ProjectResource" namespace="App\Mcp\Resources">
          <metrics complexity="4" methods="3" coveredmethods="3" conditionals="0" coveredconditionals="0" statements="7" coveredstatements="7" elements="10" coveredelements="10"/>
        </class>
        <line num="23" type="method" name="__construct" visibility="public" complexity="1" crap="1" count="18"/>
        <line num="26" type="stmt" count="18"/>
        <line num="28" type="method" name="uriTemplate" visibility="public" complexity="1" crap="1" count="14"/>
        <line num="30" type="stmt" count="14"/>
        <line num="33" type="method" name="handle" visibility="public" complexity="2" crap="2" count="4"/>
        <line num="36" type="stmt" count="4"/>
        <line num="37" type="stmt" count="3"/>
        <line num="38" type="stmt" count="3"/>
        <line num="39" type="stmt" count="3"/>
        <line num="40" type="stmt" count="3"/>
        <metrics loc="44" ncloc="44" classes="1" methods="3" coveredmethods="3" conditionals="0" coveredconditionals="0" statements="7" coveredstatements="7" elements="10" coveredelements="10"/>
      </file>
      <file name="/Users/mintopia/Projects/planka-mcp/app/Mcp/Resources/ProjectsResource.php">
        <class name="App\Mcp\Resources\ProjectsResource" namespace="App\Mcp\Resources">
          <metrics complexity="3" methods="2" coveredmethods="2" conditionals="0" coveredconditionals="0" statements="5" coveredstatements="5" elements="7" coveredelements="7"/>
        </class>
        <line num="23" type="method" name="__construct" visibility="public" complexity="1" crap="1" count="4"/>
        <line num="26" type="stmt" count="4"/>
        <line num="28" type="method" name="handle" visibility="public" complexity="2" crap="2" count="4"/>
        <line num="31" type="stmt" count="4"/>
        <line num="32" type="stmt" count="3"/>
        <line num="33" type="stmt" count="3"/>
        <line num="34" type="stmt" count="3"/>
        <metrics loc="38" ncloc="38" classes="1" methods="2" coveredmethods="2" conditionals="0" coveredconditionals="0" statements="5" coveredstatements="5" elements="7" coveredelements="7"/>
      </file>
      <file name="/Users/mintopia/Projects/planka-mcp/app/Mcp/Resources/StructureResource.php">
        <class name="App\Mcp\Resources\StructureResource" namespace="App\Mcp\Resources">
          <metrics complexity="3" methods="2" coveredmethods="2" conditionals="0" coveredconditionals="0" statements="5" coveredstatements="5" elements="7" coveredelements="7"/>
        </class>
        <line num="23" type="method" name="__construct" visibility="public" complexity="1" crap="1" count="6"/>
        <line num="26" type="stmt" count="6"/>
        <line num="28" type="method" name="handle" visibility="public" complexity="2" crap="2" count="6"/>
        <line num="31" type="stmt" count="6"/>
        <line num="32" type="stmt" count="4"/>
        <line num="33" type="stmt" count="4"/>
        <line num="34" type="stmt" count="4"/>
        <metrics loc="38" ncloc="38" classes="1" methods="2" coveredmethods="2" conditionals="0" coveredconditionals="0" statements="5" coveredstatements="5" elements="7" coveredelements="7"/>
      </file>
      <file name="/Users/mintopia/Projects/planka-mcp/app/Mcp/Resources/TaskListResource.php">
        <class name="App\Mcp\Resources\TaskListResource" namespace="App\Mcp\Resources">
          <metrics complexity="4" methods="3" coveredmethods="3" conditionals="0" coveredconditionals="0" statements="7" coveredstatements="7" elements="10" coveredelements="10"/>
        </class>
        <line num="23" type="method" name="__construct" visibility="public" complexity="1" crap="1" count="18"/>
        <line num="26" type="stmt" count="18"/>
        <line num="28" type="method" name="uriTemplate" visibility="public" complexity="1" crap="1" count="14"/>
        <line num="30" type="stmt" count="14"/>
        <line num="33" type="method" name="handle" visibility="public" complexity="2" crap="2" count="4"/>
        <line num="36" type="stmt" count="4"/>
        <line num="37" type="stmt" count="3"/>
        <line num="38" type="stmt" count="3"/>
        <line num="39" type="stmt" count="3"/>
        <line num="40" type="stmt" count="3"/>
        <metrics loc="44" ncloc="44" classes="1" methods="3" coveredmethods="3" conditionals="0" coveredconditionals="0" statements="7" coveredstatements="7" elements="10" coveredelements="10"/>
      </file>
      <file name="/Users/mintopia/Projects/planka-mcp/app/Mcp/Resources/UserResource.php">
        <class name="App\Mcp\Resources\UserResource" namespace="App\Mcp\Resources">
          <metrics complexity="4" methods="3" coveredmethods="3" conditionals="0" coveredconditionals="0" statements="7" coveredstatements="7" elements="10" coveredelements="10"/>
        </class>
        <line num="23" type="method" name="__construct" visibility="public" complexity="1" crap="1" count="18"/>
        <line num="26" type="stmt" count="18"/>
        <line num="28" type="method" name="uriTemplate" visibility="public" complexity="1" crap="1" count="14"/>
        <line num="30" type="stmt" count="14"/>
        <line num="33" type="method" name="handle" visibility="public" complexity="2" crap="2" count="4"/>
        <line num="36" type="stmt" count="4"/>
        <line num="37" type="stmt" count="3"/>
        <line num="38" type="stmt" count="3"/>
        <line num="39" type="stmt" count="3"/>
        <line num="40" type="stmt" count="3"/>
        <metrics loc="44" ncloc="44" classes="1" methods="3" coveredmethods="3" conditionals="0" coveredconditionals="0" statements="7" coveredstatements="7" elements="10" coveredelements="10"/>
      </file>
      <file name="/Users/mintopia/Projects/planka-mcp/app/Mcp/Resources/UsersResource.php">
        <class name="App\Mcp\Resources\UsersResource" namespace="App\Mcp\Resources">
          <metrics complexity="3" methods="2" coveredmethods="2" conditionals="0" coveredconditionals="0" statements="5" coveredstatements="5" elements="7" coveredelements="7"/>
        </class>
        <line num="23" type="method" name="__construct" visibility="public" complexity="1" crap="1" count="4"/>
        <line num="26" type="stmt" count="4"/>
        <line num="28" type="method" name="handle" visibility="public" complexity="2" crap="2" count="4"/>
        <line num="31" type="stmt" count="4"/>
        <line num="32" type="stmt" count="3"/>
        <line num="33" type="stmt" count="3"/>
        <line num="34" type="stmt" count="3"/>
        <metrics loc="38" ncloc="38" classes="1" methods="2" coveredmethods="2" conditionals="0" coveredconditionals="0" statements="5" coveredstatements="5" elements="7" coveredelements="7"/>
      </file>
      <file name="/Users/mintopia/Projects/planka-mcp/app/Mcp/Resources/WebhooksResource.php">
        <class name="App\Mcp\Resources\WebhooksResource" namespace="App\Mcp\Resources">
          <metrics complexity="3" methods="2" coveredmethods="2" conditionals="0" coveredconditionals="0" statements="5" coveredstatements="5" elements="7" coveredelements="7"/>
        </class>
        <line num="23" type="method" name="__construct" visibility="public" complexity="1" crap="1" count="4"/>
        <line num="26" type="stmt" count="4"/>
        <line num="28" type="method" name="handle" visibility="public" complexity="2" crap="2" count="4"/>
        <line num="31" type="stmt" count="4"/>
        <line num="32" type="stmt" count="3"/>
        <line num="33" type="stmt" count="3"/>
        <line num="34" type="stmt" count="3"/>
        <metrics loc="38" ncloc="38" classes="1" methods="2" coveredmethods="2" conditionals="0" coveredconditionals="0" statements="5" coveredstatements="5" elements="7" coveredelements="7"/>
      </file>
    </package>
    <package name="App\Mcp\Servers">
      <file name="/Users/mintopia/Projects/planka-mcp/app/Mcp/Servers/PlankaServer.php">
        <class name="App\Mcp\Servers\PlankaServer" namespace="App\Mcp\Servers">
          <metrics complexity="0" methods="0" coveredmethods="0" conditionals="0" coveredconditionals="0" statements="0" coveredstatements="0" elements="0" coveredelements="0"/>
        </class>
        <metrics loc="187" ncloc="161" classes="0" methods="0" coveredmethods="0" conditionals="0" coveredconditionals="0" statements="0" coveredstatements="0" elements="0" coveredelements="0"/>
      </file>
    </package>
    <package name="App\Mcp\Tools">
      <file name="/Users/mintopia/Projects/planka-mcp/app/Mcp/Tools/AddCommentTool.php">
        <class name="App\Mcp\Tools\AddCommentTool" namespace="App\Mcp\Tools">
          <metrics complexity="5" methods="3" coveredmethods="3" conditionals="0" coveredconditionals="0" statements="17" coveredstatements="17" elements="20" coveredelements="20"/>
        </class>
        <line num="21" type="method" name="__construct" visibility="public" complexity="1" crap="1" count="17"/>
        <line num="24" type="stmt" count="17"/>
        <line num="26" type="method" name="schema" visibility="public" complexity="1" crap="1" count="14"/>
        <line num="28" type="stmt" count="14"/>
        <line num="29" type="stmt" count="14"/>
        <line num="30" type="stmt" count="14"/>
        <line num="31" type="stmt" count="14"/>
        <line num="32" type="stmt" count="14"/>
        <line num="33" type="stmt" count="14"/>
        <line num="34" type="stmt" count="14"/>
        <line num="35" type="stmt" count="14"/>
        <line num="38" type="method" name="handle" visibility="public" complexity="3" crap="3" count="3"/>
        <line num="41" type="stmt" count="3"/>
        <line num="42" type="stmt" count="3"/>
        <line num="44" type="stmt" count="3"/>
        <line num="45" type="stmt" count="1"/>
        <line num="48" type="stmt" count="2"/>
        <line num="50" type="stmt" count="1"/>
        <line num="51" type="stmt" count="2"/>
        <line num="52" type="stmt" count="2"/>
        <metrics loc="56" ncloc="56" classes="1" methods="3" coveredmethods="3" conditionals="0" coveredconditionals="0" statements="17" coveredstatements="17" elements="20" coveredelements="20"/>
      </file>
      <file name="/Users/mintopia/Projects/planka-mcp/app/Mcp/Tools/CreateCardTool.php">
        <class name="App\Mcp\Tools\CreateCardTool" namespace="App\Mcp\Tools">
          <metrics complexity="5" methods="3" coveredmethods="3" conditionals="0" coveredconditionals="0" statements="31" coveredstatements="31" elements="34" coveredelements="34"/>
        </class>
        <line num="21" type="method" name="__construct" visibility="public" complexity="1" crap="1" count="18"/>
        <line num="24" type="stmt" count="18"/>
        <line num="26" type="method" name="schema" visibility="public" complexity="1" crap="1" count="14"/>
        <line num="28" type="stmt" count="14"/>
        <line num="29" type="stmt" count="14"/>
        <line num="30" type="stmt" count="14"/>
[...]
        <line num="49" type="stmt" count="6"/>
        <line num="50" type="stmt" count="1"/>
        <line num="52" type="stmt" count="5"/>
        <line num="53" type="stmt" count="1"/>
        <line num="56" type="stmt" count="4"/>
        <line num="57" type="stmt" count="4"/>
        <line num="58" type="stmt" count="1"/>
        <line num="60" type="stmt" count="3"/>
        <line num="61" type="stmt" count="3"/>
        <line num="62" type="stmt" count="1"/>
        <line num="65" type="stmt" count="2"/>
        <line num="67" type="stmt" count="1"/>
        <line num="69" type="stmt" count="1"/>
        <line num="70" type="stmt" count="5"/>
        <line num="71" type="stmt" count="5"/>
        <metrics loc="75" ncloc="75" classes="1" methods="3" coveredmethods="3" conditionals="0" coveredconditionals="0" statements="30" coveredstatements="30" elements="33" coveredelements="33"/>
      </file>
    </package>
    <package name="App\Planka\Exception">
      <file name="/Users/mintopia/Projects/planka-mcp/app/Planka/Exception/AuthenticationException.php">
        <class name="App\Planka\Exception\AuthenticationException" namespace="App\Planka\Exception">
          <metrics complexity="0" methods="0" coveredmethods="0" conditionals="0" coveredconditionals="0" statements="0" coveredstatements="0" elements="0" coveredelements="0"/>
        </class>
        <metrics loc="8" ncloc="8" classes="0" methods="0" coveredmethods="0" conditionals="0" coveredconditionals="0" statements="0" coveredstatements="0" elements="0" coveredelements="0"/>
      </file>
      <file name="/Users/mintopia/Projects/planka-mcp/app/Planka/Exception/PlankaApiException.php">
        <class name="App\Planka\Exception\PlankaApiException" namespace="App\Planka\Exception">
          <metrics complexity="0" methods="0" coveredmethods="0" conditionals="0" coveredconditionals="0" statements="0" coveredstatements="0" elements="0" coveredelements="0"/>
        </class>
        <metrics loc="8" ncloc="8" classes="0" methods="0" coveredmethods="0" conditionals="0" coveredconditionals="0" statements="0" coveredstatements="0" elements="0" coveredelements="0"/>
      </file>
      <file name="/Users/mintopia/Projects/planka-mcp/app/Planka/Exception/PlankaNotFoundException.php">
        <class name="App\Planka\Exception\PlankaNotFoundException" namespace="App\Planka\Exception">
          <metrics complexity="0" methods="0" coveredmethods="0" conditionals="0" coveredconditionals="0" statements="0" coveredstatements="0" elements="0" coveredelements="0"/>
        </class>
        <metrics loc="8" ncloc="8" classes="0" methods="0" coveredmethods="0" conditionals="0" coveredconditionals="0" statements="0" coveredstatements="0" elements="0" coveredelements="0"/>
      </file>
    </package>
    <package name="App\Planka">
      <file name="/Users/mintopia/Projects/planka-mcp/app/Planka/PlankaClient.php">
        <class name="App\Planka\PlankaClient" namespace="App\Planka">
          <metrics complexity="30" methods="8" coveredmethods="8" conditionals="0" coveredconditionals="0" statements="68" coveredstatements="68" elements="76" coveredelements="76"/>
        </class>
        <line num="16" type="method" name="__construct" visibility="public" complexity="1" crap="1" count="64"/>
        <line num="22" type="method" name="get" visibility="public" complexity="1" crap="1" count="33"/>
        <line num="24" type="stmt" count="33"/>
        <line num="31" type="method" name="post" visibility="public" complexity="1" crap="1" count="2"/>
        <line num="33" type="stmt" count="2"/>
        <line num="40" type="method" name="patch" visibility="public" complexity="1" crap="1" count="2"/>
        <line num="42" type="stmt" count="2"/>
        <line num="48" type="method" name="delete" visibility="public" complexity="1" crap="1" count="2"/>
        <line num="50" type="stmt" count="2"/>
        <line num="57" type="method" name="postMultipart" visibility="public" complexity="6" crap="6" count="9"/>
        <line num="59" type="stmt" count="9"/>
        <line num="60" type="stmt" count="2"/>
        <line num="63" type="stmt" count="7"/>
        <line num="64" type="stmt" count="1"/>
        <line num="67" type="stmt" count="6"/>
        <line num="68" type="stmt" count="6"/>
        <line num="69" type="stmt" count="6"/>
        <line num="70" type="stmt" count="6"/>
        <line num="72" type="stmt" count="6"/>
        <line num="75" type="stmt" count="6"/>
        <line num="82" type="stmt" count="6"/>
        <line num="83" type="stmt" count="6"/>
        <line num="84" type="stmt" count="6"/>
        <line num="86" type="stmt" count="5"/>
        <line num="87" type="stmt" count="5"/>
        <line num="88" type="stmt" count="1"/>
        <line num="89" type="stmt" count="1"/>
        <line num="90" type="stmt" count="1"/>
        <line num="91" type="stmt" count="1"/>
        <line num="92" type="stmt" count="1"/>
        <line num="101" type="method" name="request" visibility="private" complexity="12" crap="12" count="39"/>
        <line num="103" type="stmt" count="39"/>
        <line num="104" type="stmt" count="2"/>
        <line num="107" type="stmt" count="37"/>
        <line num="108" type="stmt" count="37"/>
        <line num="109" type="stmt" count="37"/>
        <line num="110" type="stmt" count="37"/>
        <line num="112" type="stmt" count="37"/>
        <line num="115" type="stmt" count="37"/>
        <line num="117" type="stmt" count="37"/>
        <line num="118" type="stmt" count="31"/>
        <line num="119" type="stmt" count="2"/>
        <line num="120" type="stmt" count="2"/>
        <line num="121" type="stmt" count="2"/>
        <line num="125" type="stmt" count="37"/>
        <line num="127" type="stmt" count="35"/>
        <line num="128" type="stmt" count="26"/>
        <line num="129" type="stmt" count="2"/>
        <line num="130" type="stmt" count="2"/>
        <line num="131" type="stmt" count="2"/>
        <line num="132" type="stmt" count="2"/>
        <line num="133" type="stmt" count="2"/>
        <line num="140" type="method" name="handleResponse" visibility="private" complexity="7" crap="7" count="40"/>
        <line num="142" type="stmt" count="40"/>
        <line num="144" type="stmt" count="40"/>
        <line num="145" type="stmt" count="2"/>
        <line num="148" type="stmt" count="38"/>
        <line num="149" type="stmt" count="4"/>
        <line num="152" type="stmt" count="34"/>
        <line num="153" type="stmt" count="4"/>
        <line num="154" type="stmt" count="4"/>
        <line num="155" type="stmt" count="4"/>
        <line num="156" type="stmt" count="4"/>
        <line num="159" type="stmt" count="30"/>
        <line num="160" type="stmt" count="11"/>
        <line num="161" type="stmt" count="11"/>
        <line num="162" type="stmt" count="11"/>
        <line num="163" type="stmt" count="11"/>
        <line num="166" type="stmt" count="19"/>
        <line num="167" type="stmt" count="9"/>
        <line num="168" type="stmt" count="9"/>
        <line num="169" type="stmt" count="9"/>
        <line num="170" type="stmt" count="9"/>
        <line num="174" type="stmt" count="10"/>
        <line num="176" type="stmt" count="10"/>
        <metrics loc="179" ncloc="148" classes="1" methods="8" coveredmethods="8" conditionals="0" coveredconditionals="0" statements="68" coveredstatements="68" elements="76" coveredelements="76"/>
      </file>
    </package>
    <file name="/Users/mintopia/Projects/planka-mcp/app/Planka/PlankaClientInterface.php">
      <metrics loc="38" ncloc="19" classes="0" methods="0" coveredmethods="0" conditionals="0" coveredconditionals="0" statements="0" coveredstatements="0" elements="0" coveredelements="0"/>
    </file>
    <package name="App\Providers">
      <file name="/Users/mintopia/Projects/planka-mcp/app/Providers/AppServiceProvider.php">
        <class name="App\Providers\AppServiceProvider" namespace="App\Providers">
          <metrics complexity="3" methods="2" coveredmethods="2" conditionals="0" coveredconditionals="0" statements="28" coveredstatements="28" elements="30" coveredelements="30"/>
        </class>
        <line num="12" type="method" name="register" visibility="public" complexity="1" crap="1" count="109"/>
        <line num="14" type="stmt" count="109"/>
        <line num="15" type="stmt" count="16"/>
        <line num="16" type="stmt" count="16"/>
        <line num="17" type="stmt" count="16"/>
        <line num="18" type="stmt" count="109"/>
        <line num="20" type="stmt" count="109"/>
        <line num="21" type="stmt" count="109"/>
        <line num="22" type="stmt" count="109"/>
        <line num="23" type="stmt" count="109"/>
        <line num="24" type="stmt" count="109"/>
        <line num="25" type="stmt" count="109"/>
        <line num="26" type="stmt" count="109"/>
        <line num="27" type="stmt" count="109"/>
        <line num="28" type="stmt" count="109"/>
        <line num="29" type="stmt" count="109"/>
        <line num="30" type="stmt" count="109"/>
        <line num="31" type="stmt" count="109"/>
        <line num="32" type="stmt" count="109"/>
        <line num="33" type="stmt" count="109"/>
        <line num="34" type="stmt" count="109"/>
        <line num="35" type="stmt" count="109"/>
        <line num="37" type="stmt" count="109"/>
        <line num="39" type="stmt" count="109"/>
        <line num="40" type="stmt" count="109"/>
        <line num="41" type="stmt" count="109"/>
        <line num="47" type="method" name="boot" visibility="public" complexity="2" crap="2" count="109"/>
        <line num="49" type="stmt" count="109"/>
        <line num="50" type="stmt" count="109"/>
        <line num="51" type="stmt" count="1"/>
        <metrics loc="55" ncloc="49" classes="1" methods="2" coveredmethods="2" conditionals="0" coveredconditionals="0" statements="28" coveredstatements="28" elements="30" coveredelements="30"/>
      </file>
    </package>
    <package name="App\Subscription">
      <file name="/Users/mintopia/Projects/planka-mcp/app/Subscription/EventDispatcher.php">
        <class name="App\Subscription\EventDispatcher" namespace="App\Subscription">
          <metrics complexity="6" methods="3" coveredmethods="3" conditionals="0" coveredconditionals="0" statements="18" coveredstatements="18" elements="21" coveredelements="21"/>
        </class>
        <line num="14" type="method" name="__construct" visibility="public" complexity="1" crap="1" count="7"/>
        <line num="16" type="stmt" count="7"/>
        <line num="33" type="method" name="listen" visibility="public" complexity="1" crap="1" count="2"/>
        <line num="35" type="stmt" count="2"/>
        <line num="36" type="stmt" count="1"/>
        <line num="37" type="stmt" count="2"/>
        <line num="43" type="method" name="handleEvent" visibility="public" complexity="4" crap="4" count="6"/>
        <line num="47" type="stmt" count="6"/>
        <line num="48" type="stmt" count="1"/>
        <line num="49" type="stmt" count="1"/>
        <line num="50" type="stmt" count="1"/>
        <line num="53" type="stmt" count="5"/>
        <line num="54" type="stmt" count="5"/>
        <line num="56" type="stmt" count="5"/>
        <line num="57" type="stmt" count="4"/>
        <line num="59" type="stmt" count="4"/>
        <line num="63" type="stmt" count="1"/>
        <line num="64" type="stmt" count="1"/>
        <line num="65" type="stmt" count="1"/>
        <line num="66" type="stmt" count="1"/>
        <line num="67" type="stmt" count="1"/>
        <metrics loc="72" ncloc="50" classes="1" methods="3" coveredmethods="3" conditionals="0" coveredconditionals="0" statements="18" coveredstatements="18" elements="21" coveredelements="21"/>
      </file>
      <file name="/Users/mintopia/Projects/planka-mcp/app/Subscription/PlankaEventMapper.php">
        <class name="App\Subscription\PlankaEventMapper" namespace="App\Subscription">
          <metrics complexity="38" methods="11" coveredmethods="11" conditionals="0" coveredconditionals="0" statements="65" coveredstatements="65" elements="76" coveredelements="76"/>
        </class>
        <line num="15" type="method" name="mapToUris" visibility="public" complexity="12" crap="12" count="33"/>
        <line num="17" type="stmt" count="33"/>
        <line num="20" type="stmt" count="33"/>
        <line num="21" type="stmt" count="33"/>
        <line num="22" type="stmt" count="33"/>
        <line num="23" type="stmt" count="33"/>
        <line num="25" type="stmt" count="25"/>
        <line num="27" type="stmt" count="33"/>
        <line num="28" type="stmt" count="30"/>
        <line num="29" type="stmt" count="26"/>
        <line num="32" type="stmt" count="25"/>
        <line num="33" type="stmt" count="25"/>
        <line num="34" type="stmt" count="25"/>
        <line num="37" type="stmt" count="25"/>
        <line num="38" type="stmt" count="25"/>
        <line num="39" type="stmt" count="22"/>
        <line num="42" type="stmt" count="25"/>
        <line num="43" type="stmt" count="25"/>
        <line num="44" type="stmt" count="19"/>
        <line num="47" type="stmt" count="25"/>
        <line num="48" type="stmt" count="25"/>
        <line num="49" type="stmt" count="13"/>
        <line num="52" type="stmt" count="25"/>
        <line num="53" type="stmt" count="25"/>
        <line num="54" type="stmt" count="9"/>
        <line num="57" type="stmt" count="6"/>
        <line num="60" type="stmt" count="25"/>
        <line num="61" type="stmt" count="25"/>
        <line num="62" type="stmt" count="5"/>
        <line num="64" type="stmt" count="2"/>
        <line num="65" type="stmt" count="25"/>
        <line num="67" type="stmt" count="33"/>
        <line num="71" type="method" name="cardCreateUris" visibility="private" complexity="3" crap="3" count="3"/>
        <line num="73" type="stmt" count="3"/>
        <line num="74" type="stmt" count="2"/>
        <line num="76" type="stmt" count="3"/>
        <line num="77" type="stmt" count="2"/>
        <line num="85" type="method" name="cardUpdateUris" visibility="private" complexity="6" crap="6" count="4"/>
        <line num="87" type="stmt" count="4"/>
        <line num="88" type="stmt" count="4"/>
        <line num="90" type="stmt" count="4"/>
        <line num="91" type="stmt" count="4"/>
        <line num="94" type="stmt" count="4"/>
        <line num="95" type="stmt" count="4"/>
        <line num="96" type="stmt" count="4"/>
        <line num="98" type="stmt" count="4"/>
        <line num="99" type="stmt" count="1"/>
        <line num="104" type="method" name="cardDeleteUris" visibility="private" complexity="3" crap="3" count="1"/>
        <line num="106" type="stmt" count="1"/>
        <line num="107" type="stmt" count="1"/>
        <line num="109" type="stmt" count="1"/>
        <line num="110" type="stmt" count="1"/>
        <line num="115" type="method" name="commentUris" visibility="private" complexity="2" crap="2" count="3"/>
        <line num="117" type="stmt" count="3"/>
        <line num="118" type="stmt" count="3"/>
        <line num="119" type="stmt" count="3"/>
        <line num="124" type="method" name="taskUris" visibility="private" complexity="2" crap="2" count="3"/>
        <line num="126" type="stmt" count="3"/>
        <line num="127" type="stmt" count="3"/>
        <line num="132" type="method" name="boardUris" visibility="private" complexity="2" crap="2" count="6"/>
        <line num="134" type="stmt" count="6"/>
        <line num="135" type="stmt" count="5"/>
        <line num="140" type="method" name="listUris" visibility="private" complexity="3" crap="3" count="4"/>
        <line num="142" type="stmt" count="4"/>
        <line num="143" type="stmt" count="4"/>
        <line num="145" type="stmt" count="4"/>
        <line num="146" type="stmt" count="4"/>
        <line num="147" type="stmt" count="4"/>
        <line num="152" type="method" name="labelUris" visibility="private" complexity="2" crap="2" count="3"/>
        <line num="154" type="stmt" count="3"/>
        <line num="155" type="stmt" count="3"/>
        <line num="160" type="method" name="notificationUris" visibility="private" complexity="1" crap="1" count="1"/>
        <line num="164" type="stmt" count="1"/>
        <line num="168" type="method" name="attachmentUris" visibility="private" complexity="2" crap="2" count="3"/>
        <line num="170" type="stmt" count="3"/>
        <line num="171" type="stmt" count="3"/>
        <metrics loc="175" ncloc="144" classes="1" methods="11" coveredmethods="11" conditionals="0" coveredconditionals="0" statements="65" coveredstatements="65" elements="76" coveredelements="76"/>
      </file>
      <file name="/Users/mintopia/Projects/planka-mcp/app/Subscription/SubscriptionRegistry.php">
        <class name="App\Subscription\SubscriptionRegistry" namespace="App\Subscription">
          <metrics complexity="12" methods="8" coveredmethods="8" conditionals="0" coveredconditionals="0" statements="30" coveredstatements="30" elements="38" coveredelements="38"/>
        </class>
        <line num="20" type="method" name="subscribe" visibility="public" complexity="1" crap="1" count="4"/>
        <line num="22" type="stmt" count="4"/>
        <line num="23" type="stmt" count="4"/>
        <line num="25" type="stmt" count="4"/>
        <line num="26" type="stmt" count="4"/>
        <line num="27" type="stmt" count="4"/>
        <line num="33" type="method" name="unsubscribe" visibility="public" complexity="1" crap="1" count="2"/>
        <line num="35" type="stmt" count="2"/>
        <line num="36" type="stmt" count="2"/>
        <line num="38" type="stmt" count="2"/>
        <line num="39" type="stmt" count="2"/>
        <line num="45" type="method" name="removeSession" visibility="public" complexity="2" crap="2" count="2"/>
        <line num="47" type="stmt" count="2"/>
        <line num="50" type="stmt" count="2"/>
        <line num="52" type="stmt" count="2"/>
        <line num="53" type="stmt" count="1"/>
        <line num="56" type="stmt" count="2"/>
        <line num="68" type="method" name="getSubscribers" visibility="public" complexity="4" crap="4" count="7"/>
        <line num="70" type="stmt" count="7"/>
        <line num="73" type="stmt" count="7"/>
        <line num="75" type="stmt" count="7"/>
        <line num="76" type="stmt" count="7"/>
        <line num="78" type="stmt" count="7"/>
        <line num="79" type="stmt" count="4"/>
        <line num="80" type="stmt" count="3"/>
        <line num="82" type="stmt" count="2"/>
        <line num="86" type="stmt" count="7"/>
        <line num="87" type="stmt" count="2"/>
        <line num="90" type="stmt" count="7"/>
        <line num="98" type="method" name="getSessionUris" visibility="public" complexity="1" crap="1" count="1"/>
        <line num="101" type="stmt" count="1"/>
        <line num="102" type="stmt" count="1"/>
        <line num="108" type="method" name="isSubscribed" visibility="public" complexity="1" crap="1" count="2"/>
        <line num="110" type="stmt" count="2"/>
        <line num="113" type="method" name="uriKey" visibility="private" complexity="1" crap="1" count="16"/>
        <line num="115" type="stmt" count="16"/>
        <line num="118" type="method" name="sessionKey" visibility="private" complexity="1" crap="1" count="13"/>
        <line num="120" type="stmt" count="13"/>
        <metrics loc="123" ncloc="93" classes="1" methods="8" coveredmethods="8" conditionals="0" coveredconditionals="0" statements="30" coveredstatements="30" elements="38" coveredelements="38"/>
      </file>
    </package>
    <metrics files="107" loc="6272" ncloc="5783" classes="84" methods="312" coveredmethods="312" conditionals="0" coveredconditionals="0" statements="1829" coveredstatements="1829" elements="2141" coveredelements="2141"/>
  </project>
</coverage>
